2014-11-12 15:13:24 Error: [MissingActionException] Action HelloController::index() could not be found.
Exception Attributes: array (
  'controller' => 'HelloController',
  'action' => 'index',
)
Request URL: /hello
Stack Trace:
#0 /Users/jason/Documents/workspace/frameworks/cakephp/lib/Cake/Routing/Dispatcher.php(191): Controller->invokeAction(Object(CakeRequest))
#1 /Users/jason/Documents/workspace/frameworks/cakephp/lib/Cake/Routing/Dispatcher.php(165): Dispatcher->_invoke(Object(HelloController), Object(CakeRequest))
#2 /Users/jason/Documents/workspace/frameworks/cakephp/app/webroot/index.php(108): Dispatcher->dispatch(Object(CakeRequest), Object(CakeResponse))
#3 {main}
2014-11-12 15:13:32 Error: [PDOException] SQLSTATE[42S22]: Column not found: 1054 Unknown column 'RAND' in 'order clause'
Request URL: /hello
Stack Trace:
#0 /Users/jason/Documents/workspace/frameworks/cakephp/lib/Cake/Model/Datasource/DboSource.php(458): PDOStatement->execute(Array)
#1 /Users/jason/Documents/workspace/frameworks/cakephp/lib/Cake/Model/Datasource/DboSource.php(424): DboSource->_execute('SELECT `Message...', Array)
#2 /Users/jason/Documents/workspace/frameworks/cakephp/lib/Cake/Model/Datasource/DboSource.php(666): DboSource->execute('SELECT `Message...', Array, Array)
#3 /Users/jason/Documents/workspace/frameworks/cakephp/lib/Cake/Model/Datasource/DboSource.php(1106): DboSource->fetchAll('SELECT `Message...', false)
#4 /Users/jason/Documents/workspace/frameworks/cakephp/lib/Cake/Model/Model.php(2947): DboSource->read(Object(AppModel), Array)
#5 /Users/jason/Documents/workspace/frameworks/cakephp/lib/Cake/Model/Model.php(2919): Model->_readDataSource('first', Array)
#6 /Users/jason/Documents/workspace/frameworks/cakephp/app/Controller/HelloController.php(8): Model->find('first', Array)
#7 [internal function]: HelloController->index()
#8 /Users/jason/Documents/workspace/frameworks/cakephp/lib/Cake/Controller/Controller.php(490): ReflectionMethod->invokeArgs(Object(HelloController), Array)
#9 /Users/jason/Documents/workspace/frameworks/cakephp/lib/Cake/Routing/Dispatcher.php(191): Controller->invokeAction(Object(CakeRequest))
#10 /Users/jason/Documents/workspace/frameworks/cakephp/lib/Cake/Routing/Dispatcher.php(165): Dispatcher->_invoke(Object(HelloController), Object(CakeRequest))
#11 /Users/jason/Documents/workspace/frameworks/cakephp/app/webroot/index.php(108): Dispatcher->dispatch(Object(CakeRequest), Object(CakeResponse))
#12 {main}
